Using pre-set license
Built from '2022.3/staging' branch; Version is '2022.3.22f1 (887be4894c44) revision 8944612'; Using compiler version '192829333'; Build Type 'Release'
OS: 'Windows 11  (10.0.22631) 64bit Core' Language: 'es' Physical Memory: 15720 MB
BatchMode: 1, IsHumanControllingUs: 0, StartBugReporterOnCrash: 0, Is64bit: 1, IsPro: 1

COMMAND LINE ARGUMENTS:
C:\Program Files\Unity\Hub\Editor\2022.3.22f1\Editor\Unity.exe
-adb2
-batchMode
-noUpm
-name
AssetImportWorker0
-projectPath
C:/Users/emili/OneDrive/Desktop/UDLA/Semestre 6/Desarrollo de Videojuegos/Battle City
-logFile
Logs/AssetImportWorker0.log
-srvPort
60232
Successfully changed project path to: C:/Users/emili/OneDrive/Desktop/UDLA/Semestre 6/Desarrollo de Videojuegos/Battle City
C:/Users/emili/OneDrive/Desktop/UDLA/Semestre 6/Desarrollo de Videojuegos/Battle City
[UnityMemory] Configuration Parameters - Can be set up in boot.config
    "memorysetup-bucket-allocator-granularity=16"
    "memorysetup-bucket-allocator-bucket-count=8"
    "memorysetup-bucket-allocator-block-size=33554432"
    "memorysetup-bucket-allocator-block-count=8"
    "memorysetup-main-allocator-block-size=16777216"
    "memorysetup-thread-allocator-block-size=16777216"
    "memorysetup-gfx-main-allocator-block-size=16777216"
    "memorysetup-gfx-thread-allocator-block-size=16777216"
    "memorysetup-cache-allocator-block-size=4194304"
    "memorysetup-typetree-allocator-block-size=2097152"
    "memorysetup-profiler-bucket-allocator-granularity=16"
    "memorysetup-profiler-bucket-allocator-bucket-count=8"
    "memorysetup-profiler-bucket-allocator-block-size=33554432"
    "memorysetup-profiler-bucket-allocator-block-count=8"
    "memorysetup-profiler-allocator-block-size=16777216"
    "memorysetup-profiler-editor-allocator-block-size=1048576"
    "memorysetup-temp-allocator-size-main=16777216"
    "memorysetup-job-temp-allocator-block-size=2097152"
    "memorysetup-job-temp-allocator-block-size-background=1048576"
    "memorysetup-job-temp-allocator-reduction-small-platforms=262144"
    "memorysetup-allocator-temp-initial-block-size-main=262144"
    "memorysetup-allocator-temp-initial-block-size-worker=262144"
    "memorysetup-temp-allocator-size-background-worker=32768"
    "memorysetup-temp-allocator-size-job-worker=262144"
    "memorysetup-temp-allocator-size-preload-manager=33554432"
    "memorysetup-temp-allocator-size-nav-mesh-worker=65536"
    "memorysetup-temp-allocator-size-audio-worker=65536"
    "memorysetup-temp-allocator-size-cloud-worker=32768"
    "memorysetup-temp-allocator-size-gi-baking-worker=262144"
    "memorysetup-temp-allocator-size-gfx=262144"
Player connection [13524] Host "[IP] 172.29.192.1 [Port] 0 [Flags] 2 [Guid] 110435324 [EditorId] 110435324 [Version] 1048832 [Id] WindowsEditor(7,Emilio) [Debug] 1 [PackageName] WindowsEditor [ProjectName] Editor" joined multi-casting on [225.0.0.222:54997]...

Player connection [13524] Host "[IP] 172.29.192.1 [Port] 0 [Flags] 2 [Guid] 110435324 [EditorId] 110435324 [Version] 1048832 [Id] WindowsEditor(7,Emilio) [Debug] 1 [PackageName] WindowsEditor [ProjectName] Editor" joined alternative multi-casting on [225.0.0.222:34997]...

[Physics::Module] Initialized MultithreadedJobDispatcher with 15 workers.
Refreshing native plugins compatible for Editor in 14.59 ms, found 3 plugins.
Preloading 0 native plugins for Editor in 0.00 ms.
Initialize engine version: 2022.3.22f1 (887be4894c44)
[Subsystems] Discovering subsystems at path C:/Program Files/Unity/Hub/Editor/2022.3.22f1/Editor/Data/Resources/UnitySubsystems
[Subsystems] Discovering subsystems at path C:/Users/emili/OneDrive/Desktop/UDLA/Semestre 6/Desarrollo de Videojuegos/Battle City/Assets
GfxDevice: creating device client; threaded=0; jobified=0
Direct3D:
    Version:  Direct3D 11.0 [level 11.1]
    Renderer: AMD Radeon (TM) Graphics (ID=0x15e7)
    Vendor:   ATI
    VRAM:     7860 MB
    Driver:   31.0.21910.1006
Initialize mono
Mono path[0] = 'C:/Program Files/Unity/Hub/Editor/2022.3.22f1/Editor/Data/Managed'
Mono path[1] = 'C:/Program Files/Unity/Hub/Editor/2022.3.22f1/Editor/Data/MonoBleedingEdge/lib/mono/unityjit-win32'
Mono config path = 'C:/Program Files/Unity/Hub/Editor/2022.3.22f1/Editor/Data/MonoBleedingEdge/etc'
Using monoOptions --debugger-agent=transport=dt_socket,embedding=1,server=y,suspend=n,address=127.0.0.1:56252
Begin MonoManager ReloadAssembly
Registering precompiled unity dll's ...
Register platform support module: C:/Program Files/Unity/Hub/Editor/2022.3.22f1/Editor/Data/PlaybackEngines/WindowsStandaloneSupport/UnityEditor.WindowsStandalone.Extensions.dll
Registered in 0.012925 seconds.
- Loaded All Assemblies, in  0.570 seconds
Native extension for WindowsStandalone target not found
Mono: successfully reloaded assembly
- Finished resetting the current domain, in  0.490 seconds
Domain Reload Profiling: 1057ms
	BeginReloadAssembly (170ms)
		ExecutionOrderSort (0ms)
		DisableScriptedObjects (0ms)
		BackupInstance (0ms)
		ReleaseScriptingObjects (0ms)
		CreateAndSetChildDomain (1ms)
	RebuildCommonClasses (50ms)
	RebuildNativeTypeToScriptingClass (22ms)
	initialDomainReloadingComplete (105ms)
	LoadAllAssembliesAndSetupDomain (220ms)
		LoadAssemblies (166ms)
		RebuildTransferFunctionScriptingTraits (0ms)
		AnalyzeDomain (216ms)
			TypeCache.Refresh (214ms)
				TypeCache.ScanAssembly (190ms)
			ScanForSourceGeneratedMonoScriptInfo (1ms)
			ResolveRequiredComponents (1ms)
	FinalizeReload (491ms)
		ReleaseScriptCaches (0ms)
		RebuildScriptCaches (0ms)
		SetupLoadedEditorAssemblies (381ms)
			LogAssemblyErrors (0ms)
			InitializePlatformSupportModulesInManaged (17ms)
			SetLoadedEditorAssemblies (14ms)
			RefreshPlugins (0ms)
			BeforeProcessingInitializeOnLoad (4ms)
			ProcessInitializeOnLoadAttributes (263ms)
			ProcessInitializeOnLoadMethodAttributes (83ms)
			AfterProcessingInitializeOnLoad (0ms)
			EditorAssembliesLoaded (0ms)
		ExecutionOrderSort2 (0ms)
		AwakeInstancesAfterBackupRestoration (0ms)
========================================================================
Worker process is ready to serve import requests
Begin MonoManager ReloadAssembly
- Loaded All Assemblies, in  1.089 seconds
Refreshing native plugins compatible for Editor in 6.44 ms, found 3 plugins.
Native extension for WindowsStandalone target not found
Package Manager log level set to [2]
[Package Manager] Server::EnsureServerProcessIsRunning -- launch failed, reason: Unity was launched with the -noUpm command-line argument
[Package Manager] UpmClient::Send -- Unable to send message (not connected to UPM process).
[Package Manager] Cannot connect to Unity Package Manager local server
Mono: successfully reloaded assembly
- Finished resetting the current domain, in  1.000 seconds
Domain Reload Profiling: 2083ms
	BeginReloadAssembly (260ms)
		ExecutionOrderSort (0ms)
		DisableScriptedObjects (9ms)
		BackupInstance (0ms)
		ReleaseScriptingObjects (0ms)
		CreateAndSetChildDomain (36ms)
	RebuildCommonClasses (56ms)
	RebuildNativeTypeToScriptingClass (20ms)
	initialDomainReloadingComplete (95ms)
	LoadAllAssembliesAndSetupDomain (651ms)
		LoadAssemblies (529ms)
		RebuildTransferFunctionScriptingTraits (0ms)
		AnalyzeDomain (275ms)
			TypeCache.Refresh (244ms)
				TypeCache.ScanAssembly (224ms)
			ScanForSourceGeneratedMonoScriptInfo (21ms)
			ResolveRequiredComponents (7ms)
	FinalizeReload (1001ms)
		ReleaseScriptCaches (0ms)
		RebuildScriptCaches (0ms)
		SetupLoadedEditorAssemblies (741ms)
			LogAssemblyErrors (0ms)
			InitializePlatformSupportModulesInManaged (12ms)
			SetLoadedEditorAssemblies (7ms)
			RefreshPlugins (0ms)
			BeforeProcessingInitializeOnLoad (113ms)
			ProcessInitializeOnLoadAttributes (558ms)
			ProcessInitializeOnLoadMethodAttributes (37ms)
			AfterProcessingInitializeOnLoad (14ms)
			EditorAssembliesLoaded (0ms)
		ExecutionOrderSort2 (0ms)
		AwakeInstancesAfterBackupRestoration (12ms)
Launched and connected shader compiler UnityShaderCompiler.exe after 0.10 seconds
Refreshing native plugins compatible for Editor in 7.55 ms, found 3 plugins.
Preloading 0 native plugins for Editor in 0.00 ms.
Unloading 3111 Unused Serialized files (Serialized files now loaded: 0)
Unloading 32 unused Assets / (57.5 KB). Loaded Objects now: 3574.
Memory consumption went from 122.7 MB to 122.6 MB.
Total: 4.884600 ms (FindLiveObjects: 0.560400 ms CreateObjectMapping: 0.185700 ms MarkObjects: 3.933400 ms  DeleteObjects: 0.202000 ms)

AssetImportParameters requested are different than current active one (requested -> active):
  custom:container-demuxer-ogg: 62fdf1f143b41e24485cea50d1cbac27 -> 
  custom:video-codec-MediaFoundation-h265: 746d11721c4dcdbdad8f713fa42b33f4 -> 
  custom:video-decoder-ogg-theora: a1e56fd34408186e4bbccfd4996cb3dc -> 
  custom:framework-win-MediaFoundation: 216162199b28c13a410421893ffa2e32 -> 
  custom:CustomObjectIndexerAttribute: 9a22284fe3817be447336de3de66b15e -> 
  custom:container-demuxer-webm: 4f35f7cbe854078d1ac9338744f61a02 -> 
  custom:container-muxer-webm: aa71ff27fc2769a1b78a27578f13a17b -> 
  custom:video-decoder-webm-vp8: 9c59270c3fd7afecdb556c50c9e8de78 -> 
  custom:SearchIndexIgnoredProperties: e643bd26f0fe6173181afceb89e7c659 -> 
  custom:AudioImporter_EditorPlatform: d09bf68614088b80899f8185d706f6e7 -> 
  custom:video-encoder-webm-vp8: eb34c28f22e8b96e1ab97ce403110664 -> 
  custom:audio-decoder-ogg-vorbis: bf7c407c2cedff20999df2af8eb42d56 -> 
  custom:audio-encoder-webm-vorbis: bf7c407c2cedff20999df2af8eb42d56 -> 
========================================================================
Received Import Request.
  Time since last request: 574365.110673 seconds.
  path: Assets/InfinityPBR - Magic Pig Games/Projectile Factory/Asset Store Integrations/Realistic Effects Pack 4
  artifactKey: Guid(db20d9589e4aa4d758e2dc04ccdc1a4b) Importer(815301076,1909f56bfc062723c751e8b465ee728b)
Start importing Assets/InfinityPBR - Magic Pig Games/Projectile Factory/Asset Store Integrations/Realistic Effects Pack 4 using Guid(db20d9589e4aa4d758e2dc04ccdc1a4b) Importer(815301076,1909f56bfc062723c751e8b465ee728b)  -> (artifact id: '22273176ea036700576d61ad8a257b41') in 0.004017 seconds
Number of updated asset objects reloaded before import = 0
Number of asset objects unloaded after import = 0
========================================================================
Received Import Request.
  Time since last request: 0.000060 seconds.
  path: Assets/InfinityPBR - Magic Pig Games/Projectile Factory/Asset Store Integrations
  artifactKey: Guid(a117ce625f2986b4293a1b02514acf0a) Importer(815301076,1909f56bfc062723c751e8b465ee728b)
Start importing Assets/InfinityPBR - Magic Pig Games/Projectile Factory/Asset Store Integrations using Guid(a117ce625f2986b4293a1b02514acf0a) Importer(815301076,1909f56bfc062723c751e8b465ee728b)  -> (artifact id: 'f194ace38db93c9cf55f0b921b152862') in 0.001053 seconds
Number of updated asset objects reloaded before import = 0
Number of asset objects unloaded after import = 0
========================================================================
Received Import Request.
  Time since last request: 0.093165 seconds.
  path: Assets/InfinityPBR - Magic Pig Games/Projectile Factory/Asset Store Integrations/Realistic Effects Pack 4/Prefabs
  artifactKey: Guid(e0b4c3d90b1bd45399f9c6b75e0d068f) Importer(815301076,1909f56bfc062723c751e8b465ee728b)
Start importing Assets/InfinityPBR - Magic Pig Games/Projectile Factory/Asset Store Integrations/Realistic Effects Pack 4/Prefabs using Guid(e0b4c3d90b1bd45399f9c6b75e0d068f) Importer(815301076,1909f56bfc062723c751e8b465ee728b)  -> (artifact id: 'd10c64b1a891a8a7fb6715188972b86c') in 0.000794 seconds
Number of updated asset objects reloaded before import = 0
Number of asset objects unloaded after import = 0
========================================================================
Received Import Request.
  Time since last request: 0.035110 seconds.
  path: Assets/InfinityPBR - Magic Pig Games/Projectile Factory/Asset Store Integrations/Realistic Effects Pack 4/Prefabs/Barrel.prefab
  artifactKey: Guid(3a72a4a4cff6b494ba019b18a4934992) Importer(815301076,1909f56bfc062723c751e8b465ee728b)
Start importing Assets/InfinityPBR - Magic Pig Games/Projectile Factory/Asset Store Integrations/Realistic Effects Pack 4/Prefabs/Barrel.prefab using Guid(3a72a4a4cff6b494ba019b18a4934992) Importer(815301076,1909f56bfc062723c751e8b465ee728b)  -> (artifact id: '4d891bfb5fe1aa978557bd0c7635e044') in 0.040098 seconds
Number of updated asset objects reloaded before import = 0
Number of asset objects unloaded after import = 11
========================================================================
Received Import Request.
  Time since last request: 0.000028 seconds.
  path: Assets/InfinityPBR - Magic Pig Games/Projectile Factory/Asset Store Integrations/Realistic Effects Pack 4/Prefabs/Round Wood Obj.prefab
  artifactKey: Guid(8561a2efbfbfa4400bbfc53b3ed26fe8) Importer(815301076,1909f56bfc062723c751e8b465ee728b)
Start importing Assets/InfinityPBR - Magic Pig Games/Projectile Factory/Asset Store Integrations/Realistic Effects Pack 4/Prefabs/Round Wood Obj.prefab using Guid(8561a2efbfbfa4400bbfc53b3ed26fe8) Importer(815301076,1909f56bfc062723c751e8b465ee728b)  -> (artifact id: '90e668e33d7e1da0a6a2668ea6086e3f') in 0.002870 seconds
Number of updated asset objects reloaded before import = 0
Number of asset objects unloaded after import = 10
========================================================================
Received Import Request.
  Time since last request: 0.000020 seconds.
  path: Assets/InfinityPBR - Magic Pig Games/Projectile Factory/Asset Store Integrations/Realistic Effects Pack 4/Prefabs/Round Wood.prefab
  artifactKey: Guid(52ec5e6946fa8429ba25937a9b663a87) Importer(815301076,1909f56bfc062723c751e8b465ee728b)
Start importing Assets/InfinityPBR - Magic Pig Games/Projectile Factory/Asset Store Integrations/Realistic Effects Pack 4/Prefabs/Round Wood.prefab using Guid(52ec5e6946fa8429ba25937a9b663a87) Importer(815301076,1909f56bfc062723c751e8b465ee728b)  -> (artifact id: '7f0baf1f03cdc1fbed206e4b0da14902') in 0.001667 seconds
Number of updated asset objects reloaded before import = 0
Number of asset objects unloaded after import = 1
========================================================================
Received Import Request.
  Time since last request: 0.000152 seconds.
  path: Assets/InfinityPBR - Magic Pig Games/Projectile Factory/Asset Store Integrations/Realistic Effects Pack 4/Prefabs/Demo Player Realistic Effects Pack 4 Variant.prefab
  artifactKey: Guid(02fe5c95c9a0b4c6f9a7da5fdeeae0df) Importer(815301076,1909f56bfc062723c751e8b465ee728b)
Start importing Assets/InfinityPBR - Magic Pig Games/Projectile Factory/Asset Store Integrations/Realistic Effects Pack 4/Prefabs/Demo Player Realistic Effects Pack 4 Variant.prefab using Guid(02fe5c95c9a0b4c6f9a7da5fdeeae0df) Importer(815301076,1909f56bfc062723c751e8b465ee728b)  -> (artifact id: '9fb53cca5b861b2be52bd39ba960fadc') in 0.001357 seconds
Number of updated asset objects reloaded before import = 0
Number of asset objects unloaded after import = 1
========================================================================
Received Import Request.
  Time since last request: 2.144623 seconds.
  path: Assets/InfinityPBR - Magic Pig Games/Projectile Factory/Asset Store Integrations/Realistic Effects Pack 4/Prefabs/Collision Effects Modified
  artifactKey: Guid(4ba5d594b6d8242fe9694f216fb18090) Importer(815301076,1909f56bfc062723c751e8b465ee728b)
Start importing Assets/InfinityPBR - Magic Pig Games/Projectile Factory/Asset Store Integrations/Realistic Effects Pack 4/Prefabs/Collision Effects Modified using Guid(4ba5d594b6d8242fe9694f216fb18090) Importer(815301076,1909f56bfc062723c751e8b465ee728b)  -> (artifact id: '4215afa48b0adfaf48ff2660a1db8cc9') in 0.000796 seconds
Number of updated asset objects reloaded before import = 0
Number of asset objects unloaded after import = 0
========================================================================
Received Import Request.
  Time since last request: 1.060839 seconds.
  path: Assets/InfinityPBR - Magic Pig Games/Projectile Factory/Asset Store Integrations/Realistic Effects Pack 4/Prefabs/Hand Effects Modified
  artifactKey: Guid(e23bb4626c75e4dc9b224e5bd0718c44) Importer(815301076,1909f56bfc062723c751e8b465ee728b)
Start importing Assets/InfinityPBR - Magic Pig Games/Projectile Factory/Asset Store Integrations/Realistic Effects Pack 4/Prefabs/Hand Effects Modified using Guid(e23bb4626c75e4dc9b224e5bd0718c44) Importer(815301076,1909f56bfc062723c751e8b465ee728b)  -> (artifact id: '1f152d2014d440823b05b01a289b9720') in 0.000642 seconds
Number of updated asset objects reloaded before import = 0
Number of asset objects unloaded after import = 0
========================================================================
Received Import Request.
  Time since last request: 0.803326 seconds.
  path: Assets/InfinityPBR - Magic Pig Games/Projectile Factory/Asset Store Integrations/Realistic Effects Pack 4/Prefabs/Variants of Particles
  artifactKey: Guid(bb57a48ce56f6468c9f8b8b1ce789848) Importer(815301076,1909f56bfc062723c751e8b465ee728b)
Start importing Assets/InfinityPBR - Magic Pig Games/Projectile Factory/Asset Store Integrations/Realistic Effects Pack 4/Prefabs/Variants of Particles using Guid(bb57a48ce56f6468c9f8b8b1ce789848) Importer(815301076,1909f56bfc062723c751e8b465ee728b)  -> (artifact id: '5c6be78fb0833b66ae8b9ecb0317e4f8') in 0.000834 seconds
Number of updated asset objects reloaded before import = 0
Number of asset objects unloaded after import = 0
========================================================================
Received Import Request.
  Time since last request: 10.110633 seconds.
  path: Assets/InfinityPBR - Magic Pig Games/Projectile Factory/Asset Store Integrations/Realistic Effects Pack 4/Projectiles/Realistic Effects Pack 4 - Effect2.prefab
  artifactKey: Guid(2ec860d307349486cb153688375166b2) Importer(815301076,1909f56bfc062723c751e8b465ee728b)
Start importing Assets/InfinityPBR - Magic Pig Games/Projectile Factory/Asset Store Integrations/Realistic Effects Pack 4/Projectiles/Realistic Effects Pack 4 - Effect2.prefab using Guid(2ec860d307349486cb153688375166b2) Importer(815301076,1909f56bfc062723c751e8b465ee728b)  -> (artifact id: 'a69342ab8966f592f9ec715dc2eec35a') in 0.003090 seconds
Number of updated asset objects reloaded before import = 0
Number of asset objects unloaded after import = 8
========================================================================
Received Import Request.
  Time since last request: 0.012112 seconds.
  path: Assets/InfinityPBR - Magic Pig Games/Projectile Factory/Asset Store Integrations/Realistic Effects Pack 4/Projectiles/Realistic Effects Pack 4 - Effect4.prefab
  artifactKey: Guid(c36ac65ebad2543d4aa833f3d04305bc) Importer(815301076,1909f56bfc062723c751e8b465ee728b)
Start importing Assets/InfinityPBR - Magic Pig Games/Projectile Factory/Asset Store Integrations/Realistic Effects Pack 4/Projectiles/Realistic Effects Pack 4 - Effect4.prefab using Guid(c36ac65ebad2543d4aa833f3d04305bc) Importer(815301076,1909f56bfc062723c751e8b465ee728b)  -> (artifact id: '45f6897682ca7cf55c9f537194271b41') in 0.003338 seconds
Number of updated asset objects reloaded before import = 0
Number of asset objects unloaded after import = 8
========================================================================
Received Import Request.
  Time since last request: 0.000022 seconds.
  path: Assets/InfinityPBR - Magic Pig Games/Projectile Factory/Asset Store Integrations/Realistic Effects Pack 4/Projectiles/Realistic Effects Pack 4 - Effect10.prefab
  artifactKey: Guid(4ec0272d819e5417eafe2ff83d292845) Importer(815301076,1909f56bfc062723c751e8b465ee728b)
Start importing Assets/InfinityPBR - Magic Pig Games/Projectile Factory/Asset Store Integrations/Realistic Effects Pack 4/Projectiles/Realistic Effects Pack 4 - Effect10.prefab using Guid(4ec0272d819e5417eafe2ff83d292845) Importer(815301076,1909f56bfc062723c751e8b465ee728b)  -> (artifact id: '9bce1ba6587bfbbd7937d2e180938e71') in 0.003827 seconds
Number of updated asset objects reloaded before import = 0
Number of asset objects unloaded after import = 14
========================================================================
Received Import Request.
  Time since last request: 0.000022 seconds.
  path: Assets/InfinityPBR - Magic Pig Games/Projectile Factory/Asset Store Integrations/Realistic Effects Pack 4/Projectiles/Realistic Effects Pack 4 - Effect15.prefab
  artifactKey: Guid(179a57be4fe3847c2bae2d466c9f0643) Importer(815301076,1909f56bfc062723c751e8b465ee728b)
Start importing Assets/InfinityPBR - Magic Pig Games/Projectile Factory/Asset Store Integrations/Realistic Effects Pack 4/Projectiles/Realistic Effects Pack 4 - Effect15.prefab using Guid(179a57be4fe3847c2bae2d466c9f0643) Importer(815301076,1909f56bfc062723c751e8b465ee728b)  -> (artifact id: 'eada9af5cb928a64136daffa6a30f1ae') in 0.004686 seconds
Number of updated asset objects reloaded before import = 0
Number of asset objects unloaded after import = 11
========================================================================
Received Import Request.
  Time since last request: 0.000025 seconds.
  path: Assets/InfinityPBR - Magic Pig Games/Projectile Factory/Asset Store Integrations/Realistic Effects Pack 4/Projectiles/Realistic Effects Pack 4 - Effect22.prefab
  artifactKey: Guid(ba305f69c22aa48e18b5811edb641a7e) Importer(815301076,1909f56bfc062723c751e8b465ee728b)
Start importing Assets/InfinityPBR - Magic Pig Games/Projectile Factory/Asset Store Integrations/Realistic Effects Pack 4/Projectiles/Realistic Effects Pack 4 - Effect22.prefab using Guid(ba305f69c22aa48e18b5811edb641a7e) Importer(815301076,1909f56bfc062723c751e8b465ee728b)  -> (artifact id: 'e3ac5c305686162e94b26ca4ea8605e9') in 0.009841 seconds
Number of updated asset objects reloaded before import = 0
Number of asset objects unloaded after import = 11
========================================================================
Received Import Request.
  Time since last request: 0.000022 seconds.
  path: Assets/InfinityPBR - Magic Pig Games/Projectile Factory/Asset Store Integrations/Realistic Effects Pack 4/Projectiles/Realistic Effects Pack 4 - Effect24.prefab
  artifactKey: Guid(991e9d6f274ab46a3b1882ecb06a4581) Importer(815301076,1909f56bfc062723c751e8b465ee728b)
Start importing Assets/InfinityPBR - Magic Pig Games/Projectile Factory/Asset Store Integrations/Realistic Effects Pack 4/Projectiles/Realistic Effects Pack 4 - Effect24.prefab using Guid(991e9d6f274ab46a3b1882ecb06a4581) Importer(815301076,1909f56bfc062723c751e8b465ee728b)  -> (artifact id: 'a5a15fdedc5f77f17f5cedb243fb4304') in 0.003573 seconds
Number of updated asset objects reloaded before import = 0
Number of asset objects unloaded after import = 10
========================================================================
Received Import Request.
  Time since last request: 0.000024 seconds.
  path: Assets/InfinityPBR - Magic Pig Games/Projectile Factory/Asset Store Integrations/Realistic Effects Pack 4/Projectiles/Realistic Effects Pack 4 - Effect11.prefab
  artifactKey: Guid(f1870465a02904d36a15b42b2d5ed3e0) Importer(815301076,1909f56bfc062723c751e8b465ee728b)
Start importing Assets/InfinityPBR - Magic Pig Games/Projectile Factory/Asset Store Integrations/Realistic Effects Pack 4/Projectiles/Realistic Effects Pack 4 - Effect11.prefab using Guid(f1870465a02904d36a15b42b2d5ed3e0) Importer(815301076,1909f56bfc062723c751e8b465ee728b)  -> (artifact id: '501a7fc328c9a875ee2da4ecc7eee081') in 0.005384 seconds
Number of updated asset objects reloaded before import = 0
Number of asset objects unloaded after import = 8
========================================================================
Received Import Request.
  Time since last request: 0.000033 seconds.
  path: Assets/InfinityPBR - Magic Pig Games/Projectile Factory/Asset Store Integrations/Realistic Effects Pack 4/Projectiles/Realistic Effects Pack 4 - Effect23.prefab
  artifactKey: Guid(241cb0fd0b2654b4c986409ccd7e5509) Importer(815301076,1909f56bfc062723c751e8b465ee728b)
Start importing Assets/InfinityPBR - Magic Pig Games/Projectile Factory/Asset Store Integrations/Realistic Effects Pack 4/Projectiles/Realistic Effects Pack 4 - Effect23.prefab using Guid(241cb0fd0b2654b4c986409ccd7e5509) Importer(815301076,1909f56bfc062723c751e8b465ee728b)  -> (artifact id: 'e5d14a4f627ec9d0a668a937464b20d5') in 0.003033 seconds
Number of updated asset objects reloaded before import = 0
Number of asset objects unloaded after import = 10
========================================================================
Received Import Request.
  Time since last request: 0.000195 seconds.
  path: Assets/InfinityPBR - Magic Pig Games/Projectile Factory/Asset Store Integrations/Realistic Effects Pack 4/Projectiles/Realistic Effects Pack 4 - Effect19.prefab
  artifactKey: Guid(31278e0ad73f3422b866994a01528b11) Importer(815301076,1909f56bfc062723c751e8b465ee728b)
Start importing Assets/InfinityPBR - Magic Pig Games/Projectile Factory/Asset Store Integrations/Realistic Effects Pack 4/Projectiles/Realistic Effects Pack 4 - Effect19.prefab using Guid(31278e0ad73f3422b866994a01528b11) Importer(815301076,1909f56bfc062723c751e8b465ee728b)  -> (artifact id: '33018b91de91a6db2f2c8070b4cdac7c') in 0.006000 seconds
Number of updated asset objects reloaded before import = 0
Number of asset objects unloaded after import = 8
========================================================================
Received Import Request.
  Time since last request: 0.000027 seconds.
  path: Assets/InfinityPBR - Magic Pig Games/Projectile Factory/Asset Store Integrations/Realistic Effects Pack 4/Projectiles/Realistic Effects Pack 4 - Effect17.prefab
  artifactKey: Guid(f300132443d9641cf9c98aee7bdb2d0a) Importer(815301076,1909f56bfc062723c751e8b465ee728b)
Start importing Assets/InfinityPBR - Magic Pig Games/Projectile Factory/Asset Store Integrations/Realistic Effects Pack 4/Projectiles/Realistic Effects Pack 4 - Effect17.prefab using Guid(f300132443d9641cf9c98aee7bdb2d0a) Importer(815301076,1909f56bfc062723c751e8b465ee728b)  -> (artifact id: '0cdc0b121ab613ecbdd6afcd9641c877') in 0.003605 seconds
Number of updated asset objects reloaded before import = 0
Number of asset objects unloaded after import = 9
========================================================================
Received Import Request.
  Time since last request: 0.000076 seconds.
  path: Assets/InfinityPBR - Magic Pig Games/Projectile Factory/Asset Store Integrations/Realistic Effects Pack 4/Projectiles/Realistic Effects Pack 4 - Effect8.prefab
  artifactKey: Guid(e083a1b7267234541836554a9a870f7b) Importer(815301076,1909f56bfc062723c751e8b465ee728b)
Start importing Assets/InfinityPBR - Magic Pig Games/Projectile Factory/Asset Store Integrations/Realistic Effects Pack 4/Projectiles/Realistic Effects Pack 4 - Effect8.prefab using Guid(e083a1b7267234541836554a9a870f7b) Importer(815301076,1909f56bfc062723c751e8b465ee728b)  -> (artifact id: '2b646e1e12c671abb224c53b32f512d0') in 0.002832 seconds
Number of updated asset objects reloaded before import = 0
Number of asset objects unloaded after import = 8
========================================================================
Received Import Request.
  Time since last request: 0.000020 seconds.
  path: Assets/InfinityPBR - Magic Pig Games/Projectile Factory/Asset Store Integrations/Realistic Effects Pack 4/Projectiles/Realistic Effects Pack 4 - Effect5.prefab
  artifactKey: Guid(c8710661f5a4048669bd2dd27ff7f0c0) Importer(815301076,1909f56bfc062723c751e8b465ee728b)
Start importing Assets/InfinityPBR - Magic Pig Games/Projectile Factory/Asset Store Integrations/Realistic Effects Pack 4/Projectiles/Realistic Effects Pack 4 - Effect5.prefab using Guid(c8710661f5a4048669bd2dd27ff7f0c0) Importer(815301076,1909f56bfc062723c751e8b465ee728b)  -> (artifact id: '7f59c74f67f03f9b20240f6fcc428ca7') in 0.003527 seconds
Number of updated asset objects reloaded before import = 0
Number of asset objects unloaded after import = 9
========================================================================
Received Import Request.
  Time since last request: 0.000022 seconds.
  path: Assets/InfinityPBR - Magic Pig Games/Projectile Factory/Asset Store Integrations/Realistic Effects Pack 4/Projectiles/Realistic Effects Pack 4 - Effect25.prefab
  artifactKey: Guid(04a0225edf25443d1b1eaad3c2591a0b) Importer(815301076,1909f56bfc062723c751e8b465ee728b)
Start importing Assets/InfinityPBR - Magic Pig Games/Projectile Factory/Asset Store Integrations/Realistic Effects Pack 4/Projectiles/Realistic Effects Pack 4 - Effect25.prefab using Guid(04a0225edf25443d1b1eaad3c2591a0b) Importer(815301076,1909f56bfc062723c751e8b465ee728b)  -> (artifact id: 'f722bca01d1f0323a6b62c9a13de5a82') in 0.002770 seconds
Number of updated asset objects reloaded before import = 0
Number of asset objects unloaded after import = 10
========================================================================
Received Import Request.
  Time since last request: 0.000016 seconds.
  path: Assets/InfinityPBR - Magic Pig Games/Projectile Factory/Asset Store Integrations/Realistic Effects Pack 4/Projectiles/Realistic Effects Pack 4 - Effect27.prefab
  artifactKey: Guid(1276dbcf93f4540ef9b45448af999b9e) Importer(815301076,1909f56bfc062723c751e8b465ee728b)
Start importing Assets/InfinityPBR - Magic Pig Games/Projectile Factory/Asset Store Integrations/Realistic Effects Pack 4/Projectiles/Realistic Effects Pack 4 - Effect27.prefab using Guid(1276dbcf93f4540ef9b45448af999b9e) Importer(815301076,1909f56bfc062723c751e8b465ee728b)  -> (artifact id: 'd1da273d86db12228eaa12730e1a69cd') in 0.003091 seconds
Number of updated asset objects reloaded before import = 0
Number of asset objects unloaded after import = 10
Editor requested this worker to shutdown with reason: Scaling down because of idle timeout
TcpMessagingSession - receive error
AssetImportWorkerClient::OnTransportError - code=2 error=End of file
AssetImportWorker is now disconnected from the server
Process exiting
Exiting without the bug reporter. Application will terminate with return code 0